2018-05-19 11:10:31.072  INFO 4440 --- [main] c.g.c.m.p.dao.mapper.CustomerMapperTest  : Starting CustomerMapperTest on MEW with PID 4440 (started by wangxin in D:\code\java\computer)
2018-05-19 11:10:31.122  INFO 4440 --- [main] c.g.c.m.p.dao.mapper.CustomerMapperTest  : The following profiles are active: dev
2018-05-19 11:10:31.204  INFO 4440 --- [main] s.c.a.AnnotationConfigApplicationContext : Refreshing org.springframework.context.annotation.AnnotationConfigApplicationContext@7e70bd39: startup date [Sat May 19 11:10:31 CST 2018]; root of context hierarchy
2018-05-19 11:10:34.573  INFO 4440 --- [main] c.g.c.m.p.dao.mapper.CustomerMapperTest  : Started CustomerMapperTest in 4.283 seconds (JVM running for 7.321)
2018-05-19 11:10:34.653  INFO 4440 --- [main] com.zaxxer.hikari.HikariDataSource       : HikariPool-1 - Starting...
2018-05-19 11:10:35.713  INFO 4440 --- [main] com.zaxxer.hikari.HikariDataSource       : HikariPool-1 - Start completed.
2018-05-19 11:10:35.728  INFO 4440 --- [main] o.s.t.c.transaction.TransactionContext   : Began transaction (1) for test context [DefaultTestContext@524f3b3a testClass = CustomerMapperTest, testInstance = com.growlithe.computer.mysql.practice.customer.dao.mapper.CustomerMapperTest@53f6fd09, testMethod = listAllCustomerDO@CustomerMapperTest, testException = [null], mergedContextConfiguration = [MergedContextConfiguration@41e68d87 testClass = CustomerMapperTest, locations = '{}', classes = '{class com.growlithe.computer.ComputerApplication}', contextInitializerClasses = '[]', activeProfiles = '{}', propertySourceLocations = '{}', propertySourceProperties = '{org.springframework.boot.test.context.SpringBootTestContextBootstrapper=true}', contextCustomizers = set[org.springframework.boot.test.context.filter.ExcludeFilterContextCustomizer@614ca7df, org.springframework.boot.test.json.DuplicateJsonObjectContextCustomizerFactory$DuplicateJsonObjectContextCustomizer@1e04fa0a, org.springframework.boot.test.mock.mockito.MockitoContextCustomizer@0, org.springframework.boot.test.web.client.TestRestTemplateContextCustomizer@342c38f8, org.springframework.boot.test.autoconfigure.properties.PropertyMappingContextCustomizer@0, org.springframework.boot.test.autoconfigure.web.servlet.WebDriverContextCustomizerFactory$Customizer@437da279], contextLoader = 'org.springframework.boot.test.context.SpringBootContextLoader', parent = [null]], attributes = map[[empty]]]; transaction manager [org.springframework.jdbc.datasource.DataSourceTransactionManager@9f86dc3]; rollback [true]
2018-05-19 11:11:37.224  WARN 4440 --- [HikariPool-1 housekeeper] com.zaxxer.hikari.pool.HikariPool        : HikariPool-1 - Thread starvation or clock leap detected (housekeeper delta=1m1s410ms113µs576ns).
2018-05-19 11:11:37.300  INFO 4440 --- [main] o.s.t.c.transaction.TransactionContext   : Rolled back transaction for test: [DefaultTestContext@524f3b3a testClass = CustomerMapperTest, testInstance = com.growlithe.computer.mysql.practice.customer.dao.mapper.CustomerMapperTest@53f6fd09, testMethod = listAllCustomerDO@CustomerMapperTest, testException = [null], mergedContextConfiguration = [MergedContextConfiguration@41e68d87 testClass = CustomerMapperTest, locations = '{}', classes = '{class com.growlithe.computer.ComputerApplication}', contextInitializerClasses = '[]', activeProfiles = '{}', propertySourceLocations = '{}', propertySourceProperties = '{org.springframework.boot.test.context.SpringBootTestContextBootstrapper=true}', contextCustomizers = set[org.springframework.boot.test.context.filter.ExcludeFilterContextCustomizer@614ca7df, org.springframework.boot.test.json.DuplicateJsonObjectContextCustomizerFactory$DuplicateJsonObjectContextCustomizer@1e04fa0a, org.springframework.boot.test.mock.mockito.MockitoContextCustomizer@0, org.springframework.boot.test.web.client.TestRestTemplateContextCustomizer@342c38f8, org.springframework.boot.test.autoconfigure.properties.PropertyMappingContextCustomizer@0, org.springframework.boot.test.autoconfigure.web.servlet.WebDriverContextCustomizerFactory$Customizer@437da279], contextLoader = 'org.springframework.boot.test.context.SpringBootContextLoader', parent = [null]], attributes = map[[empty]]]
2018-05-19 11:11:37.310  INFO 4440 --- [Thread-1] s.c.a.AnnotationConfigApplicationContext : Closing org.springframework.context.annotation.AnnotationConfigApplicationContext@7e70bd39: startup date [Sat May 19 11:10:31 CST 2018]; root of context hierarchy
2018-05-19 11:11:37.316  INFO 4440 --- [Thread-1] com.zaxxer.hikari.HikariDataSource       : HikariPool-1 - Shutdown initiated...
2018-05-19 11:19:22.563  INFO 5852 --- [main] c.g.c.m.p.c.d.mapper.CustomerMapperTest  : Starting CustomerMapperTest on MEW with PID 5852 (started by wangxin in D:\code\java\computer)
2018-05-19 11:19:22.564  INFO 5852 --- [main] c.g.c.m.p.c.d.mapper.CustomerMapperTest  : The following profiles are active: dev
2018-05-19 11:19:22.598  INFO 5852 --- [main] s.c.a.AnnotationConfigApplicationContext : Refreshing org.springframework.context.annotation.AnnotationConfigApplicationContext@7e70bd39: startup date [Sat May 19 11:19:22 CST 2018]; root of context hierarchy
2018-05-19 11:19:24.929  INFO 5852 --- [main] c.g.c.m.p.c.d.mapper.CustomerMapperTest  : Started CustomerMapperTest in 3.46 seconds (JVM running for 6.028)
2018-05-19 11:19:25.022  INFO 5852 --- [main] com.zaxxer.hikari.HikariDataSource       : HikariPool-1 - Starting...
2018-05-19 11:19:25.971  INFO 5852 --- [main] com.zaxxer.hikari.HikariDataSource       : HikariPool-1 - Start completed.
2018-05-19 11:19:25.993  INFO 5852 --- [main] o.s.t.c.transaction.TransactionContext   : Began transaction (1) for test context [DefaultTestContext@524f3b3a testClass = CustomerMapperTest, testInstance = com.growlithe.computer.mysql.practice.customer.dao.mapper.CustomerMapperTest@53f6fd09, testMethod = listAllCustomerDO@CustomerMapperTest, testException = [null], mergedContextConfiguration = [MergedContextConfiguration@41e68d87 testClass = CustomerMapperTest, locations = '{}', classes = '{class com.growlithe.computer.ComputerApplication}', contextInitializerClasses = '[]', activeProfiles = '{}', propertySourceLocations = '{}', propertySourceProperties = '{org.springframework.boot.test.context.SpringBootTestContextBootstrapper=true}', contextCustomizers = set[org.springframework.boot.test.context.filter.ExcludeFilterContextCustomizer@614ca7df, org.springframework.boot.test.json.DuplicateJsonObjectContextCustomizerFactory$DuplicateJsonObjectContextCustomizer@1e04fa0a, org.springframework.boot.test.mock.mockito.MockitoContextCustomizer@0, org.springframework.boot.test.web.client.TestRestTemplateContextCustomizer@342c38f8, org.springframework.boot.test.autoconfigure.properties.PropertyMappingContextCustomizer@0, org.springframework.boot.test.autoconfigure.web.servlet.WebDriverContextCustomizerFactory$Customizer@437da279], contextLoader = 'org.springframework.boot.test.context.SpringBootContextLoader', parent = [null]], attributes = map[[empty]]]; transaction manager [org.springframework.jdbc.datasource.DataSourceTransactionManager@10e5bf9c]; rollback [true]
2018-05-19 11:19:26.524  INFO 5852 --- [main] o.s.t.c.transaction.TransactionContext   : Rolled back transaction for test: [DefaultTestContext@524f3b3a testClass = CustomerMapperTest, testInstance = com.growlithe.computer.mysql.practice.customer.dao.mapper.CustomerMapperTest@53f6fd09, testMethod = listAllCustomerDO@CustomerMapperTest, testException = [null], mergedContextConfiguration = [MergedContextConfiguration@41e68d87 testClass = CustomerMapperTest, locations = '{}', classes = '{class com.growlithe.computer.ComputerApplication}', contextInitializerClasses = '[]', activeProfiles = '{}', propertySourceLocations = '{}', propertySourceProperties = '{org.springframework.boot.test.context.SpringBootTestContextBootstrapper=true}', contextCustomizers = set[org.springframework.boot.test.context.filter.ExcludeFilterContextCustomizer@614ca7df, org.springframework.boot.test.json.DuplicateJsonObjectContextCustomizerFactory$DuplicateJsonObjectContextCustomizer@1e04fa0a, org.springframework.boot.test.mock.mockito.MockitoContextCustomizer@0, org.springframework.boot.test.web.client.TestRestTemplateContextCustomizer@342c38f8, org.springframework.boot.test.autoconfigure.properties.PropertyMappingContextCustomizer@0, org.springframework.boot.test.autoconfigure.web.servlet.WebDriverContextCustomizerFactory$Customizer@437da279], contextLoader = 'org.springframework.boot.test.context.SpringBootContextLoader', parent = [null]], attributes = map[[empty]]]
2018-05-19 11:19:26.529  INFO 5852 --- [Thread-1] s.c.a.AnnotationConfigApplicationContext : Closing org.springframework.context.annotation.AnnotationConfigApplicationContext@7e70bd39: startup date [Sat May 19 11:19:22 CST 2018]; root of context hierarchy
2018-05-19 11:19:26.536  INFO 5852 --- [Thread-1] com.zaxxer.hikari.HikariDataSource       : HikariPool-1 - Shutdown initiated...
2018-05-19 11:19:26.570  INFO 5852 --- [Thread-1] com.zaxxer.hikari.HikariDataSource       : HikariPool-1 - Shutdown completed.
2018-05-19 11:19:36.636  INFO 7776 --- [main] c.g.c.m.p.c.d.mapper.CustomerMapperTest  : Starting CustomerMapperTest on MEW with PID 7776 (started by wangxin in D:\code\java\computer)
2018-05-19 11:19:36.637  INFO 7776 --- [main] c.g.c.m.p.c.d.mapper.CustomerMapperTest  : The following profiles are active: dev
2018-05-19 11:19:36.668  INFO 7776 --- [main] s.c.a.AnnotationConfigApplicationContext : Refreshing org.springframework.context.annotation.AnnotationConfigApplicationContext@7e70bd39: startup date [Sat May 19 11:19:36 CST 2018]; root of context hierarchy
2018-05-19 11:19:39.839  INFO 7776 --- [main] c.g.c.m.p.c.d.mapper.CustomerMapperTest  : Started CustomerMapperTest in 4.29 seconds (JVM running for 7.545)
2018-05-19 11:19:39.942  INFO 7776 --- [main] com.zaxxer.hikari.HikariDataSource       : HikariPool-1 - Starting...
2018-05-19 11:19:41.089  INFO 7776 --- [main] com.zaxxer.hikari.HikariDataSource       : HikariPool-1 - Start completed.
2018-05-19 11:19:41.108  INFO 7776 --- [main] o.s.t.c.transaction.TransactionContext   : Began transaction (1) for test context [DefaultTestContext@524f3b3a testClass = CustomerMapperTest, testInstance = com.growlithe.computer.mysql.practice.customer.dao.mapper.CustomerMapperTest@53f6fd09, testMethod = listAllCustomerDO@CustomerMapperTest, testException = [null], mergedContextConfiguration = [MergedContextConfiguration@41e68d87 testClass = CustomerMapperTest, locations = '{}', classes = '{class com.growlithe.computer.ComputerApplication}', contextInitializerClasses = '[]', activeProfiles = '{}', propertySourceLocations = '{}', propertySourceProperties = '{org.springframework.boot.test.context.SpringBootTestContextBootstrapper=true}', contextCustomizers = set[org.springframework.boot.test.context.filter.ExcludeFilterContextCustomizer@614ca7df, org.springframework.boot.test.json.DuplicateJsonObjectContextCustomizerFactory$DuplicateJsonObjectContextCustomizer@1e04fa0a, org.springframework.boot.test.mock.mockito.MockitoContextCustomizer@0, org.springframework.boot.test.web.client.TestRestTemplateContextCustomizer@342c38f8, org.springframework.boot.test.autoconfigure.properties.PropertyMappingContextCustomizer@0, org.springframework.boot.test.autoconfigure.web.servlet.WebDriverContextCustomizerFactory$Customizer@437da279], contextLoader = 'org.springframework.boot.test.context.SpringBootContextLoader', parent = [null]], attributes = map[[empty]]]; transaction manager [org.springframework.jdbc.datasource.DataSourceTransactionManager@77c3c037]; rollback [true]
2018-05-19 11:19:45.253  INFO 7776 --- [main] o.s.t.c.transaction.TransactionContext   : Rolled back transaction for test: [DefaultTestContext@524f3b3a testClass = CustomerMapperTest, testInstance = com.growlithe.computer.mysql.practice.customer.dao.mapper.CustomerMapperTest@53f6fd09, testMethod = listAllCustomerDO@CustomerMapperTest, testException = [null], mergedContextConfiguration = [MergedContextConfiguration@41e68d87 testClass = CustomerMapperTest, locations = '{}', classes = '{class com.growlithe.computer.ComputerApplication}', contextInitializerClasses = '[]', activeProfiles = '{}', propertySourceLocations = '{}', propertySourceProperties = '{org.springframework.boot.test.context.SpringBootTestContextBootstrapper=true}', contextCustomizers = set[org.springframework.boot.test.context.filter.ExcludeFilterContextCustomizer@614ca7df, org.springframework.boot.test.json.DuplicateJsonObjectContextCustomizerFactory$DuplicateJsonObjectContextCustomizer@1e04fa0a, org.springframework.boot.test.mock.mockito.MockitoContextCustomizer@0, org.springframework.boot.test.web.client.TestRestTemplateContextCustomizer@342c38f8, org.springframework.boot.test.autoconfigure.properties.PropertyMappingContextCustomizer@0, org.springframework.boot.test.autoconfigure.web.servlet.WebDriverContextCustomizerFactory$Customizer@437da279], contextLoader = 'org.springframework.boot.test.context.SpringBootContextLoader', parent = [null]], attributes = map[[empty]]]
2018-05-19 11:19:45.317  INFO 7776 --- [Thread-1] s.c.a.AnnotationConfigApplicationContext : Closing org.springframework.context.annotation.AnnotationConfigApplicationContext@7e70bd39: startup date [Sat May 19 11:19:36 CST 2018]; root of context hierarchy
2018-05-19 11:19:45.324  INFO 7776 --- [Thread-1] com.zaxxer.hikari.HikariDataSource       : HikariPool-1 - Shutdown initiated...
2018-05-19 11:35:29.505  INFO 4220 --- [main] c.g.c.m.c.b.dao.mapper.BookMapperTest    : Starting BookMapperTest on MEW with PID 4220 (started by wangxin in D:\code\java\computer)
2018-05-19 11:35:29.507  INFO 4220 --- [main] c.g.c.m.c.b.dao.mapper.BookMapperTest    : The following profiles are active: dev
2018-05-19 11:35:29.536  INFO 4220 --- [main] s.c.a.AnnotationConfigApplicationContext : Refreshing org.springframework.context.annotation.AnnotationConfigApplicationContext@48c40605: startup date [Sat May 19 11:35:29 CST 2018]; root of context hierarchy
2018-05-19 11:35:32.412  INFO 4220 --- [main] c.g.c.m.c.b.dao.mapper.BookMapperTest    : Started BookMapperTest in 3.847 seconds (JVM running for 6.61)
2018-05-19 11:35:32.731  INFO 4220 --- [main] com.zaxxer.hikari.HikariDataSource       : HikariPool-1 - Starting...
2018-05-19 11:35:34.011  INFO 4220 --- [main] com.zaxxer.hikari.HikariDataSource       : HikariPool-1 - Start completed.
2018-05-19 11:35:36.687  INFO 4220 --- [Thread-1] s.c.a.AnnotationConfigApplicationContext : Closing org.springframework.context.annotation.AnnotationConfigApplicationContext@48c40605: startup date [Sat May 19 11:35:29 CST 2018]; root of context hierarchy
2018-05-19 11:35:36.716  INFO 4220 --- [Thread-1] com.zaxxer.hikari.HikariDataSource       : HikariPool-1 - Shutdown initiated...
2018-05-19 11:53:30.578  INFO 3688 --- [main] c.g.c.m.c.b.dao.mapper.BookMapperTest    : Starting BookMapperTest on MEW with PID 3688 (started by wangxin in D:\code\java\computer)
2018-05-19 11:53:30.579  INFO 3688 --- [main] c.g.c.m.c.b.dao.mapper.BookMapperTest    : The following profiles are active: dev
2018-05-19 11:53:30.604  INFO 3688 --- [main] s.c.a.AnnotationConfigApplicationContext : Refreshing org.springframework.context.annotation.AnnotationConfigApplicationContext@5dbe30be: startup date [Sat May 19 11:53:30 CST 2018]; root of context hierarchy
2018-05-19 11:53:33.333  INFO 3688 --- [main] c.g.c.m.c.b.dao.mapper.BookMapperTest    : Started BookMapperTest in 3.807 seconds (JVM running for 5.88)
2018-05-19 11:53:33.634  INFO 3688 --- [main] com.zaxxer.hikari.HikariDataSource       : HikariPool-1 - Starting...
2018-05-19 11:53:34.810  INFO 3688 --- [main] com.zaxxer.hikari.HikariDataSource       : HikariPool-1 - Start completed.
2018-05-19 11:53:34.958  INFO 3688 --- [Thread-1] s.c.a.AnnotationConfigApplicationContext : Closing org.springframework.context.annotation.AnnotationConfigApplicationContext@5dbe30be: startup date [Sat May 19 11:53:30 CST 2018]; root of context hierarchy
2018-05-19 11:53:34.991  INFO 3688 --- [Thread-1] com.zaxxer.hikari.HikariDataSource       : HikariPool-1 - Shutdown initiated...
2018-05-19 11:53:35.020  INFO 3688 --- [Thread-1] com.zaxxer.hikari.HikariDataSource       : HikariPool-1 - Shutdown completed.
2018-05-19 11:56:41.628  INFO 4584 --- [main] c.g.c.m.c.b.dao.mapper.BookMapperTest    : Starting BookMapperTest on MEW with PID 4584 (started by wangxin in D:\code\java\computer)
2018-05-19 11:56:41.630  INFO 4584 --- [main] c.g.c.m.c.b.dao.mapper.BookMapperTest    : The following profiles are active: dev
2018-05-19 11:56:41.659  INFO 4584 --- [main] s.c.a.AnnotationConfigApplicationContext : Refreshing org.springframework.context.annotation.AnnotationConfigApplicationContext@59aa20b3: startup date [Sat May 19 11:56:41 CST 2018]; root of context hierarchy
2018-05-19 11:56:43.887  INFO 4584 --- [main] c.g.c.m.c.b.dao.mapper.BookMapperTest    : Started BookMapperTest in 3.255 seconds (JVM running for 5.712)
2018-05-19 11:56:44.381  INFO 4584 --- [main] com.zaxxer.hikari.HikariDataSource       : HikariPool-1 - Starting...
2018-05-19 11:56:45.686  INFO 4584 --- [main] com.zaxxer.hikari.HikariDataSource       : HikariPool-1 - Start completed.
2018-05-19 11:56:45.823  INFO 4584 --- [Thread-1] s.c.a.AnnotationConfigApplicationContext : Closing org.springframework.context.annotation.AnnotationConfigApplicationContext@59aa20b3: startup date [Sat May 19 11:56:41 CST 2018]; root of context hierarchy
2018-05-19 11:56:45.833  INFO 4584 --- [Thread-1] com.zaxxer.hikari.HikariDataSource       : HikariPool-1 - Shutdown initiated...
2018-05-19 11:56:45.886  INFO 4584 --- [Thread-1] com.zaxxer.hikari.HikariDataSource       : HikariPool-1 - Shutdown completed.
2018-05-19 12:28:04.017  INFO 4972 --- [main] c.g.c.m.c.b.dao.mapper.BookMapperTest    : Starting BookMapperTest on MEW with PID 4972 (started by wangxin in D:\code\java\computer)
2018-05-19 12:28:04.019  INFO 4972 --- [main] c.g.c.m.c.b.dao.mapper.BookMapperTest    : The following profiles are active: dev
2018-05-19 12:28:04.047  INFO 4972 --- [main] s.c.a.AnnotationConfigApplicationContext : Refreshing org.springframework.context.annotation.AnnotationConfigApplicationContext@59aa20b3: startup date [Sat May 19 12:28:04 CST 2018]; root of context hierarchy
2018-05-19 12:28:06.416  INFO 4972 --- [main] c.g.c.m.c.b.dao.mapper.BookMapperTest    : Started BookMapperTest in 3.686 seconds (JVM running for 6.329)
2018-05-19 12:28:06.798  INFO 4972 --- [main] com.zaxxer.hikari.HikariDataSource       : HikariPool-1 - Starting...
2018-05-19 12:28:08.131  INFO 4972 --- [main] com.zaxxer.hikari.HikariDataSource       : HikariPool-1 - Start completed.
2018-05-19 12:28:08.229  INFO 4972 --- [main] o.s.b.f.xml.XmlBeanDefinitionReader      : Loading XML bean definitions from class path resource [org/springframework/jdbc/support/sql-error-codes.xml]
2018-05-19 12:28:08.340  INFO 4972 --- [main] o.s.jdbc.support.SQLErrorCodesFactory    : SQLErrorCodes loaded: [DB2, Derby, H2, HDB, HSQL, Informix, MS-SQL, MySQL, Oracle, PostgreSQL, Sybase]
2018-05-19 12:28:08.375  INFO 4972 --- [Thread-1] s.c.a.AnnotationConfigApplicationContext : Closing org.springframework.context.annotation.AnnotationConfigApplicationContext@59aa20b3: startup date [Sat May 19 12:28:04 CST 2018]; root of context hierarchy
2018-05-19 12:28:08.381  INFO 4972 --- [Thread-1] com.zaxxer.hikari.HikariDataSource       : HikariPool-1 - Shutdown initiated...
2018-05-19 12:28:08.427  INFO 4972 --- [Thread-1] com.zaxxer.hikari.HikariDataSource       : HikariPool-1 - Shutdown completed.
2018-05-19 12:29:12.699  INFO 6504 --- [main] c.g.c.m.c.b.dao.mapper.BookMapperTest    : Starting BookMapperTest on MEW with PID 6504 (started by wangxin in D:\code\java\computer)
2018-05-19 12:29:12.700  INFO 6504 --- [main] c.g.c.m.c.b.dao.mapper.BookMapperTest    : The following profiles are active: dev
2018-05-19 12:29:12.729  INFO 6504 --- [main] s.c.a.AnnotationConfigApplicationContext : Refreshing org.springframework.context.annotation.AnnotationConfigApplicationContext@59aa20b3: startup date [Sat May 19 12:29:12 CST 2018]; root of context hierarchy
2018-05-19 12:29:15.075  INFO 6504 --- [main] c.g.c.m.c.b.dao.mapper.BookMapperTest    : Started BookMapperTest in 3.328 seconds (JVM running for 5.629)
2018-05-19 12:29:15.550  INFO 6504 --- [main] com.zaxxer.hikari.HikariDataSource       : HikariPool-1 - Starting...
2018-05-19 12:29:16.509  INFO 6504 --- [main] com.zaxxer.hikari.HikariDataSource       : HikariPool-1 - Start completed.
2018-05-19 12:29:16.736  INFO 6504 --- [main] o.s.b.f.xml.XmlBeanDefinitionReader      : Loading XML bean definitions from class path resource [org/springframework/jdbc/support/sql-error-codes.xml]
2018-05-19 12:29:16.944  INFO 6504 --- [main] o.s.jdbc.support.SQLErrorCodesFactory    : SQLErrorCodes loaded: [DB2, Derby, H2, HDB, HSQL, Informix, MS-SQL, MySQL, Oracle, PostgreSQL, Sybase]
2018-05-19 12:29:16.994  INFO 6504 --- [Thread-1] s.c.a.AnnotationConfigApplicationContext : Closing org.springframework.context.annotation.AnnotationConfigApplicationContext@59aa20b3: startup date [Sat May 19 12:29:12 CST 2018]; root of context hierarchy
2018-05-19 12:29:17.002  INFO 6504 --- [Thread-1] com.zaxxer.hikari.HikariDataSource       : HikariPool-1 - Shutdown initiated...
2018-05-19 12:29:17.042  INFO 6504 --- [Thread-1] com.zaxxer.hikari.HikariDataSource       : HikariPool-1 - Shutdown completed.
2018-05-19 12:41:52.218  INFO 5572 --- [main] c.g.c.m.c.b.dao.mapper.BookMapperTest    : Starting BookMapperTest on MEW with PID 5572 (started by wangxin in D:\code\java\computer)
2018-05-19 12:41:52.219  INFO 5572 --- [main] c.g.c.m.c.b.dao.mapper.BookMapperTest    : The following profiles are active: dev
2018-05-19 12:41:52.250  INFO 5572 --- [main] s.c.a.AnnotationConfigApplicationContext : Refreshing org.springframework.context.annotation.AnnotationConfigApplicationContext@19b30c92: startup date [Sat May 19 12:41:52 CST 2018]; root of context hierarchy
2018-05-19 12:41:54.102  INFO 5572 --- [main] c.g.c.m.c.b.dao.mapper.BookMapperTest    : Started BookMapperTest in 2.788 seconds (JVM running for 5.208)
2018-05-19 12:41:54.532  INFO 5572 --- [main] com.zaxxer.hikari.HikariDataSource       : HikariPool-1 - Starting...
2018-05-19 12:41:55.764  INFO 5572 --- [main] com.zaxxer.hikari.HikariDataSource       : HikariPool-1 - Start completed.
2018-05-19 12:41:55.890  INFO 5572 --- [main] o.s.b.f.xml.XmlBeanDefinitionReader      : Loading XML bean definitions from class path resource [org/springframework/jdbc/support/sql-error-codes.xml]
2018-05-19 12:41:56.003  INFO 5572 --- [main] o.s.jdbc.support.SQLErrorCodesFactory    : SQLErrorCodes loaded: [DB2, Derby, H2, HDB, HSQL, Informix, MS-SQL, MySQL, Oracle, PostgreSQL, Sybase]
2018-05-19 12:41:56.036  INFO 5572 --- [Thread-1] s.c.a.AnnotationConfigApplicationContext : Closing org.springframework.context.annotation.AnnotationConfigApplicationContext@19b30c92: startup date [Sat May 19 12:41:52 CST 2018]; root of context hierarchy
2018-05-19 12:41:56.042  INFO 5572 --- [Thread-1] com.zaxxer.hikari.HikariDataSource       : HikariPool-1 - Shutdown initiated...
2018-05-19 12:41:56.066  INFO 5572 --- [Thread-1] com.zaxxer.hikari.HikariDataSource       : HikariPool-1 - Shutdown completed.
2018-05-19 12:59:11.947  INFO 6856 --- [main] c.g.c.m.c.b.dao.mapper.BookMapperTest    : Starting BookMapperTest on MEW with PID 6856 (started by wangxin in D:\code\java\computer)
2018-05-19 12:59:11.948  INFO 6856 --- [main] c.g.c.m.c.b.dao.mapper.BookMapperTest    : The following profiles are active: dev
2018-05-19 12:59:11.975  INFO 6856 --- [main] s.c.a.AnnotationConfigApplicationContext : Refreshing org.springframework.context.annotation.AnnotationConfigApplicationContext@4b21844c: startup date [Sat May 19 12:59:11 CST 2018]; root of context hierarchy
2018-05-19 12:59:14.226  INFO 6856 --- [main] c.g.c.m.c.b.dao.mapper.BookMapperTest    : Started BookMapperTest in 3.168 seconds (JVM running for 5.779)
2018-05-19 12:59:14.405  INFO 6856 --- [main] com.zaxxer.hikari.HikariDataSource       : HikariPool-1 - Starting...
2018-05-19 12:59:15.535  INFO 6856 --- [main] com.zaxxer.hikari.HikariDataSource       : HikariPool-1 - Start completed.
2018-05-19 12:59:15.637  INFO 6856 --- [main] o.s.b.f.xml.XmlBeanDefinitionReader      : Loading XML bean definitions from class path resource [org/springframework/jdbc/support/sql-error-codes.xml]
2018-05-19 12:59:15.766  INFO 6856 --- [main] o.s.jdbc.support.SQLErrorCodesFactory    : SQLErrorCodes loaded: [DB2, Derby, H2, HDB, HSQL, Informix, MS-SQL, MySQL, Oracle, PostgreSQL, Sybase]
2018-05-19 12:59:15.800  INFO 6856 --- [Thread-1] s.c.a.AnnotationConfigApplicationContext : Closing org.springframework.context.annotation.AnnotationConfigApplicationContext@4b21844c: startup date [Sat May 19 12:59:11 CST 2018]; root of context hierarchy
2018-05-19 12:59:15.809  INFO 6856 --- [Thread-1] com.zaxxer.hikari.HikariDataSource       : HikariPool-1 - Shutdown initiated...
2018-05-19 12:59:15.839  INFO 6856 --- [Thread-1] com.zaxxer.hikari.HikariDataSource       : HikariPool-1 - Shutdown completed.
2018-05-19 13:00:39.655  INFO 5840 --- [main] c.g.c.m.c.b.dao.mapper.BookMapperTest    : Starting BookMapperTest on MEW with PID 5840 (started by wangxin in D:\code\java\computer)
2018-05-19 13:00:39.656  INFO 5840 --- [main] c.g.c.m.c.b.dao.mapper.BookMapperTest    : The following profiles are active: dev
2018-05-19 13:00:39.691  INFO 5840 --- [main] s.c.a.AnnotationConfigApplicationContext : Refreshing org.springframework.context.annotation.AnnotationConfigApplicationContext@1b11ef33: startup date [Sat May 19 13:00:39 CST 2018]; root of context hierarchy
2018-05-19 13:00:41.859  INFO 5840 --- [main] c.g.c.m.c.b.dao.mapper.BookMapperTest    : Started BookMapperTest in 3.189 seconds (JVM running for 5.714)
2018-05-19 13:00:42.366  INFO 5840 --- [main] com.zaxxer.hikari.HikariDataSource       : HikariPool-1 - Starting...
2018-05-19 13:00:43.610  INFO 5840 --- [main] com.zaxxer.hikari.HikariDataSource       : HikariPool-1 - Start completed.
2018-05-19 13:00:43.706  INFO 5840 --- [main] o.s.b.f.xml.XmlBeanDefinitionReader      : Loading XML bean definitions from class path resource [org/springframework/jdbc/support/sql-error-codes.xml]
2018-05-19 13:00:43.920  INFO 5840 --- [main] o.s.jdbc.support.SQLErrorCodesFactory    : SQLErrorCodes loaded: [DB2, Derby, H2, HDB, HSQL, Informix, MS-SQL, MySQL, Oracle, PostgreSQL, Sybase]
2018-05-19 13:00:43.988  INFO 5840 --- [Thread-1] s.c.a.AnnotationConfigApplicationContext : Closing org.springframework.context.annotation.AnnotationConfigApplicationContext@1b11ef33: startup date [Sat May 19 13:00:39 CST 2018]; root of context hierarchy
2018-05-19 13:00:43.997  INFO 5840 --- [Thread-1] com.zaxxer.hikari.HikariDataSource       : HikariPool-1 - Shutdown initiated...
2018-05-19 13:00:44.032  INFO 5840 --- [Thread-1] com.zaxxer.hikari.HikariDataSource       : HikariPool-1 - Shutdown completed.
2018-05-19 13:00:52.422  INFO 5616 --- [main] c.g.c.m.c.b.dao.mapper.BookMapperTest    : Starting BookMapperTest on MEW with PID 5616 (started by wangxin in D:\code\java\computer)
2018-05-19 13:00:52.423  INFO 5616 --- [main] c.g.c.m.c.b.dao.mapper.BookMapperTest    : The following profiles are active: dev
2018-05-19 13:00:52.451  INFO 5616 --- [main] s.c.a.AnnotationConfigApplicationContext : Refreshing org.springframework.context.annotation.AnnotationConfigApplicationContext@4b21844c: startup date [Sat May 19 13:00:52 CST 2018]; root of context hierarchy
2018-05-19 13:00:55.561  INFO 5616 --- [main] c.g.c.m.c.b.dao.mapper.BookMapperTest    : Started BookMapperTest in 4.009 seconds (JVM running for 6.796)
2018-05-19 13:00:55.781  INFO 5616 --- [main] com.zaxxer.hikari.HikariDataSource       : HikariPool-1 - Starting...
2018-05-19 13:00:56.955  INFO 5616 --- [main] com.zaxxer.hikari.HikariDataSource       : HikariPool-1 - Start completed.
2018-05-19 13:00:57.110  INFO 5616 --- [main] o.s.b.f.xml.XmlBeanDefinitionReader      : Loading XML bean definitions from class path resource [org/springframework/jdbc/support/sql-error-codes.xml]
2018-05-19 13:00:57.290  INFO 5616 --- [main] o.s.jdbc.support.SQLErrorCodesFactory    : SQLErrorCodes loaded: [DB2, Derby, H2, HDB, HSQL, Informix, MS-SQL, MySQL, Oracle, PostgreSQL, Sybase]
2018-05-19 13:00:57.334  INFO 5616 --- [Thread-1] s.c.a.AnnotationConfigApplicationContext : Closing org.springframework.context.annotation.AnnotationConfigApplicationContext@4b21844c: startup date [Sat May 19 13:00:52 CST 2018]; root of context hierarchy
2018-05-19 13:00:57.341  INFO 5616 --- [Thread-1] com.zaxxer.hikari.HikariDataSource       : HikariPool-1 - Shutdown initiated...
2018-05-19 13:00:57.375  INFO 5616 --- [Thread-1] com.zaxxer.hikari.HikariDataSource       : HikariPool-1 - Shutdown completed.
2018-05-19 13:06:02.925  INFO 3840 --- [main] c.g.c.m.c.b.dao.mapper.BookMapperTest    : Starting BookMapperTest on MEW with PID 3840 (started by wangxin in D:\code\java\computer)
2018-05-19 13:06:02.926  INFO 3840 --- [main] c.g.c.m.c.b.dao.mapper.BookMapperTest    : The following profiles are active: dev
2018-05-19 13:06:02.949  INFO 3840 --- [main] s.c.a.AnnotationConfigApplicationContext : Refreshing org.springframework.context.annotation.AnnotationConfigApplicationContext@19b30c92: startup date [Sat May 19 13:06:02 CST 2018]; root of context hierarchy
2018-05-19 13:06:06.737  INFO 3840 --- [main] c.g.c.m.c.b.dao.mapper.BookMapperTest    : Started BookMapperTest in 4.721 seconds (JVM running for 6.594)
2018-05-19 13:06:07.090  INFO 3840 --- [main] com.zaxxer.hikari.HikariDataSource       : HikariPool-1 - Starting...
2018-05-19 13:06:08.468  INFO 3840 --- [main] com.zaxxer.hikari.HikariDataSource       : HikariPool-1 - Start completed.
2018-05-19 13:06:08.676  INFO 3840 --- [main] o.s.b.f.xml.XmlBeanDefinitionReader      : Loading XML bean definitions from class path resource [org/springframework/jdbc/support/sql-error-codes.xml]
2018-05-19 13:06:08.812  INFO 3840 --- [main] o.s.jdbc.support.SQLErrorCodesFactory    : SQLErrorCodes loaded: [DB2, Derby, H2, HDB, HSQL, Informix, MS-SQL, MySQL, Oracle, PostgreSQL, Sybase]
2018-05-19 13:06:08.844  INFO 3840 --- [Thread-1] s.c.a.AnnotationConfigApplicationContext : Closing org.springframework.context.annotation.AnnotationConfigApplicationContext@19b30c92: startup date [Sat May 19 13:06:02 CST 2018]; root of context hierarchy
2018-05-19 13:06:08.851  INFO 3840 --- [Thread-1] com.zaxxer.hikari.HikariDataSource       : HikariPool-1 - Shutdown initiated...
2018-05-19 13:06:08.880  INFO 3840 --- [Thread-1] com.zaxxer.hikari.HikariDataSource       : HikariPool-1 - Shutdown completed.
2018-05-19 13:08:50.176  INFO 6976 --- [main] c.g.c.m.c.b.dao.mapper.BookMapperTest    : Starting BookMapperTest on MEW with PID 6976 (started by wangxin in D:\code\java\computer)
2018-05-19 13:08:50.178  INFO 6976 --- [main] c.g.c.m.c.b.dao.mapper.BookMapperTest    : The following profiles are active: dev
2018-05-19 13:08:50.208  INFO 6976 --- [main] s.c.a.AnnotationConfigApplicationContext : Refreshing org.springframework.context.annotation.AnnotationConfigApplicationContext@4b21844c: startup date [Sat May 19 13:08:50 CST 2018]; root of context hierarchy
2018-05-19 13:08:53.144  INFO 6976 --- [main] c.g.c.m.c.b.dao.mapper.BookMapperTest    : Started BookMapperTest in 3.989 seconds (JVM running for 6.776)
2018-05-19 13:08:53.495  INFO 6976 --- [main] com.zaxxer.hikari.HikariDataSource       : HikariPool-1 - Starting...
2018-05-19 13:08:54.782  INFO 6976 --- [main] com.zaxxer.hikari.HikariDataSource       : HikariPool-1 - Start completed.
2018-05-19 13:08:54.956  INFO 6976 --- [main] o.s.b.f.xml.XmlBeanDefinitionReader      : Loading XML bean definitions from class path resource [org/springframework/jdbc/support/sql-error-codes.xml]
2018-05-19 13:08:55.105  INFO 6976 --- [main] o.s.jdbc.support.SQLErrorCodesFactory    : SQLErrorCodes loaded: [DB2, Derby, H2, HDB, HSQL, Informix, MS-SQL, MySQL, Oracle, PostgreSQL, Sybase]
2018-05-19 13:08:55.144  INFO 6976 --- [Thread-1] s.c.a.AnnotationConfigApplicationContext : Closing org.springframework.context.annotation.AnnotationConfigApplicationContext@4b21844c: startup date [Sat May 19 13:08:50 CST 2018]; root of context hierarchy
2018-05-19 13:08:55.151  INFO 6976 --- [Thread-1] com.zaxxer.hikari.HikariDataSource       : HikariPool-1 - Shutdown initiated...
2018-05-19 13:08:55.179  INFO 6976 --- [Thread-1] com.zaxxer.hikari.HikariDataSource       : HikariPool-1 - Shutdown completed.
2018-05-19 13:13:43.731  INFO 1592 --- [main] c.g.c.m.c.b.dao.mapper.BookMapperTest    : Starting BookMapperTest on MEW with PID 1592 (started by wangxin in D:\code\java\computer)
2018-05-19 13:13:43.735  INFO 1592 --- [main] c.g.c.m.c.b.dao.mapper.BookMapperTest    : The following profiles are active: dev
2018-05-19 13:13:43.779  INFO 1592 --- [main] s.c.a.AnnotationConfigApplicationContext : Refreshing org.springframework.context.annotation.AnnotationConfigApplicationContext@59aa20b3: startup date [Sat May 19 13:13:43 CST 2018]; root of context hierarchy
2018-05-19 13:13:45.849  INFO 1592 --- [main] c.g.c.m.c.b.dao.mapper.BookMapperTest    : Started BookMapperTest in 3.287 seconds (JVM running for 6.355)
2018-05-19 13:13:46.071  INFO 1592 --- [main] com.zaxxer.hikari.HikariDataSource       : HikariPool-1 - Starting...
2018-05-19 13:13:46.774  INFO 1592 --- [main] com.zaxxer.hikari.HikariDataSource       : HikariPool-1 - Start completed.
2018-05-19 13:13:46.847  INFO 1592 --- [main] o.s.b.f.xml.XmlBeanDefinitionReader      : Loading XML bean definitions from class path resource [org/springframework/jdbc/support/sql-error-codes.xml]
2018-05-19 13:13:46.923  INFO 1592 --- [main] o.s.jdbc.support.SQLErrorCodesFactory    : SQLErrorCodes loaded: [DB2, Derby, H2, HDB, HSQL, Informix, MS-SQL, MySQL, Oracle, PostgreSQL, Sybase]
2018-05-19 13:13:46.952  INFO 1592 --- [Thread-1] s.c.a.AnnotationConfigApplicationContext : Closing org.springframework.context.annotation.AnnotationConfigApplicationContext@59aa20b3: startup date [Sat May 19 13:13:43 CST 2018]; root of context hierarchy
2018-05-19 13:13:46.957  INFO 1592 --- [Thread-1] com.zaxxer.hikari.HikariDataSource       : HikariPool-1 - Shutdown initiated...
2018-05-19 13:13:46.985  INFO 1592 --- [Thread-1] com.zaxxer.hikari.HikariDataSource       : HikariPool-1 - Shutdown completed.
2018-05-19 13:15:11.336  INFO 6740 --- [main] c.g.c.m.c.b.dao.mapper.BookMapperTest    : Starting BookMapperTest on MEW with PID 6740 (started by wangxin in D:\code\java\computer)
2018-05-19 13:15:11.338  INFO 6740 --- [main] c.g.c.m.c.b.dao.mapper.BookMapperTest    : The following profiles are active: dev
2018-05-19 13:15:11.370  INFO 6740 --- [main] s.c.a.AnnotationConfigApplicationContext : Refreshing org.springframework.context.annotation.AnnotationConfigApplicationContext@4b21844c: startup date [Sat May 19 13:15:11 CST 2018]; root of context hierarchy
2018-05-19 13:15:14.295  INFO 6740 --- [main] c.g.c.m.c.b.dao.mapper.BookMapperTest    : Started BookMapperTest in 3.948 seconds (JVM running for 6.85)
2018-05-19 13:15:14.587  INFO 6740 --- [main] com.zaxxer.hikari.HikariDataSource       : HikariPool-1 - Starting...
2018-05-19 13:15:15.467  INFO 6740 --- [main] com.zaxxer.hikari.HikariDataSource       : HikariPool-1 - Start completed.
2018-05-19 13:15:15.571  INFO 6740 --- [main] o.s.b.f.xml.XmlBeanDefinitionReader      : Loading XML bean definitions from class path resource [org/springframework/jdbc/support/sql-error-codes.xml]
2018-05-19 13:15:15.686  INFO 6740 --- [main] o.s.jdbc.support.SQLErrorCodesFactory    : SQLErrorCodes loaded: [DB2, Derby, H2, HDB, HSQL, Informix, MS-SQL, MySQL, Oracle, PostgreSQL, Sybase]
2018-05-19 13:15:15.721  INFO 6740 --- [Thread-1] s.c.a.AnnotationConfigApplicationContext : Closing org.springframework.context.annotation.AnnotationConfigApplicationContext@4b21844c: startup date [Sat May 19 13:15:11 CST 2018]; root of context hierarchy
2018-05-19 13:15:15.726  INFO 6740 --- [Thread-1] com.zaxxer.hikari.HikariDataSource       : HikariPool-1 - Shutdown initiated...
2018-05-19 13:15:15.753  INFO 6740 --- [Thread-1] com.zaxxer.hikari.HikariDataSource       : HikariPool-1 - Shutdown completed.
